[40734:40734:0421/142003.280130:WARNING:chrome/browser/signin/account_consistency_mode_manager.cc:74] Desktop Identity Consistency cannot be enabled as no OAuth client ID and client secret have been configured.
[40780:40780:0421/142004.194003:WARNING:sandbox/policy/linux/sandbox_linux.cc:405] InitializeSandbox() called with multiple threads in process gpu-process.
[40734:40734:0421/142014.101302:INFO:CONSOLE:2] "browserFingerprint:09D1D6B4FDEA50F876E4D29EC0728126", source: https://affiliate.shopee.com.br/offer/product_offer (2)
[40734:40734:0421/142014.103009:INFO:CONSOLE:5] "Publish Version: 2026.04.01 10:12:45", source: https://affiliate.shopee.com.br/offer/product_offer (5)
[40734:40734:0421/142014.104508:INFO:CONSOLE:5] "Publish Tag: tag-feature-release-20260401-100458", source: https://affiliate.shopee.com.br/offer/product_offer (5)
[40734:40734:0421/142048.591913:INFO:CONSOLE:1] "Error", source: https://deo.shopeemobile.com/shopee/shopee-affiliate-live-br/static/js/6493.032bc54d.js (1)
[40734:40734:0421/142049.210281:INFO:CONSOLE:1] "[object HTMLDivElement]", source: https://deo.shopeemobile.com/shopee/shopee-affiliate-live-br/static/js/6493.032bc54d.js (1)
[40828:16:0421/142049.458588:INFO:third_party/blink/renderer/modules/peerconnection/peer_connection_dependency_factory.cc:941] Running WebRTC with a combined Network and Worker thread.
[40734:40734:0421/142053.180821:INFO:CONSOLE:1] "Translator $t createIntl error Error: [@formatjs/intl Error MISSING_TRANSLATION] Missing message: "agree" for locale "pt-BR", using id as fallback. 
", source: https://deo.shopeemobile.com/shopee/shopee-affiliate-live-br/static/js/chunk-vendors.a00bb54d.js (1)
[40734:40734:0421/142053.191324:INFO:CONSOLE:1] "Translator $t createIntl error Error: [@formatjs/intl Error MISSING_TRANSLATION] Missing message: "tc_confirmation_modal_title" for locale "pt-BR", using id as fallback. 
", source: https://deo.shopeemobile.com/shopee/shopee-affiliate-live-br/static/js/chunk-vendors.a00bb54d.js (1)
[40734:40734:0421/142053.199828:INFO:CONSOLE:1] "Translator $t createIntl error Error: [@formatjs/intl Error MISSING_TRANSLATION] Missing message: "tc_link_text" for locale "pt-BR", using id as fallback. 
", source: https://deo.shopeemobile.com/shopee/shopee-affiliate-live-br/static/js/chunk-vendors.a00bb54d.js (1)
[40734:40734:0421/142053.210594:INFO:CONSOLE:1] "Translator $t createIntl error Error: [@formatjs/intl Error MISSING_TRANSLATION] Missing message: "tc_confirmation_modal_content" for locale "pt-BR", using id as fallback. 
", source: https://deo.shopeemobile.com/shopee/shopee-affiliate-live-br/static/js/chunk-vendors.a00bb54d.js (1)
[40734:40734:0421/142053.478024:INFO:CONSOLE:1] "Translator $t createIntl error Error: [@formatjs/intl Error MISSING_TRANSLATION] Missing message: "agree" for locale "pt-BR", using id as fallback. 
", source: https://deo.shopeemobile.com/shopee/shopee-affiliate-live-br/static/js/chunk-vendors.a00bb54d.js (1)
[40734:40734:0421/142053.486501:INFO:CONSOLE:1] "Translator $t createIntl error Error: [@formatjs/intl Error MISSING_TRANSLATION] Missing message: "tc_confirmation_modal_title" for locale "pt-BR", using id as fallback. 
", source: https://deo.shopeemobile.com/shopee/shopee-affiliate-live-br/static/js/chunk-vendors.a00bb54d.js (1)
[40734:40734:0421/142053.492642:INFO:CONSOLE:1] "Translator $t createIntl error Error: [@formatjs/intl Error MISSING_TRANSLATION] Missing message: "tc_link_text" for locale "pt-BR", using id as fallback. 
", source: https://deo.shopeemobile.com/shopee/shopee-affiliate-live-br/static/js/chunk-vendors.a00bb54d.js (1)
[40734:40734:0421/142053.500669:INFO:CONSOLE:1] "Translator $t createIntl error Error: [@formatjs/intl Error MISSING_TRANSLATION] Missing message: "tc_confirmation_modal_content" for locale "pt-BR", using id as fallback. 
", source: https://deo.shopeemobile.com/shopee/shopee-affiliate-live-br/static/js/chunk-vendors.a00bb54d.js (1)
[40734:40734:0421/142054.976784:WARNING:chrome/browser/media/prefs/capture_device_ranking.h:255] Can't initialize the value of media.audio_input.user_preference_ranking because media.default_audio_capture_device isn't registered or is empty
[40734:40734:0421/142054.977105:WARNING:chrome/browser/media/prefs/capture_device_ranking.h:255] Can't initialize the value of media.video_input.user_preference_ranking because media.default_video_capture_Device isn't registered or is empty
[40734:40734:0421/142055.834229:INFO:CONSOLE:7] "uuid for @mkt/reporter is: 9edef989-523f-4b57-801b-8c8441e2fcf8", source: https://deo.shopeemobile.com/shopee/mkt-web-sdk/umd/0.0.18/@mkt/reporter.min.js (7)
[40734:40734:0421/142056.973177:INFO:CONSOLE:1] "[object Object] interceptorsResponseError", source: https://deo.shopeemobile.com/shopee/shopee-affiliate-live-br/static/js/chunk-vendors.a00bb54d.js (1)
[40734:40734:0421/142056.990337:INFO:CONSOLE:0] "No available adapters.", source: https://affiliate.shopee.com.br/offer/product_offer (0)
[40734:40734:0421/142058.124708:INFO:CONSOLE:1] "TypeError: Cannot read properties of null (reading '9')", source: https://deo.shopeemobile.com/shopee/shopee-affiliate-live-br/static/js/8568.e933698b.js (1)
[40734:40734:0421/142058.882141:INFO:CONSOLE:7] "Page is hidden, cache data length is  5", source: https://deo.shopeemobile.com/shopee/mkt-web-sdk/umd/0.0.18/@mkt/reporter.min.js (7)
[40734:40734:0421/142058.884503:INFO:CONSOLE:7] "Send log before page hidden", source: https://deo.shopeemobile.com/shopee/mkt-web-sdk/umd/0.0.18/@mkt/reporter.min.js (7)
[40734:40734:0421/142058.952549:INFO:CONSOLE:7] "Send label before page hidden", source: https://deo.shopeemobile.com/shopee/mkt-web-sdk/umd/0.0.18/@mkt/reporter.min.js (7)
[40734:40734:0421/142059.852418:INFO:CONSOLE:1] "[object Object] interceptorsResponseError", source: https://deo.shopeemobile.com/shopee/shopee-affiliate-live-br/static/js/chunk-vendors.a00bb54d.js (1)
[40828:16:0421/142112.192771:INFO:third_party/blink/renderer/modules/peerconnection/peer_connection_dependency_factory.cc:941] Running WebRTC with a combined Network and Worker thread.
[40734:40734:0421/142112.354058:INFO:CONSOLE:1] "TypeError: Cannot read properties of null (reading '9')", source: https://deo.shopeemobile.com/shopee/modules-federation/live/0/shopee__web_enhance_sap/2.40.194.js (1)
[40734:40734:0421/142112.393009:INFO:CONSOLE:1] "Error", source: https://deo.shopeemobile.com/shopee/modules-federation/live/0/shopee__web_enhance_sap/2.40.194.js (1)
[40734:40734:0421/142115.964827:INFO:CONSOLE:1] "TypeError: Cannot read properties of null (reading '9')", source: https://deo.shopeemobile.com/shopee/modules-federation/live/0/shopee__web_enhance_sap/2.40.194.js (1)
[40734:40734:0421/142115.987587:INFO:CONSOLE:1] "Error", source: https://deo.shopeemobile.com/shopee/modules-federation/live/0/shopee__web_enhance_sap/2.40.194.js (1)
[40734:40734:0421/142118.982944:INFO:CONSOLE:1] "TypeError: Cannot read properties of null (reading '9')", source: https://deo.shopeemobile.com/shopee/modules-federation/live/0/shopee__web_enhance_sap/2.40.194.js (1)
[40734:40734:0421/142119.006224:INFO:CONSOLE:1] "Error", source: https://deo.shopeemobile.com/shopee/modules-federation/live/0/shopee__web_enhance_sap/2.40.194.js (1)
[40734:40734:0421/142124.472299:INFO:CONSOLE:1] "TypeError: Cannot read properties of null (reading '9')", source: https://deo.shopeemobile.com/shopee/modules-federation/live/0/shopee__web_enhance_sap/2.40.194.js (1)
[40734:40734:0421/142124.522857:INFO:CONSOLE:1] "Error", source: https://deo.shopeemobile.com/shopee/modules-federation/live/0/shopee__web_enhance_sap/2.40.194.js (1)
[40734:40734:0421/142132.583903:INFO:CONSOLE:1] "TypeError: Cannot read properties of null (reading '9')", source: https://deo.shopeemobile.com/shopee/modules-federation/live/0/shopee__web_enhance_sap/2.40.194.js (1)
[40734:40734:0421/142132.600837:INFO:CONSOLE:1] "Error", source: https://deo.shopeemobile.com/shopee/modules-federation/live/0/shopee__web_enhance_sap/2.40.194.js (1)
[40734:40734:0421/142133.150239:INFO:CONSOLE:4] "Error", source: https://deo.shopeemobile.com/shopee/shopee-pcmall-live-sg/assets/entry-modules.0e48ae7de7b4bcfe.2023.js (4)
[40734:40734:0421/142138.372381:INFO:CONSOLE:38] "Canvas2D: Multiple readback operations using getImageData are faster with the willReadFrequently attribute set to true. See: https://html.spec.whatwg.org/multipage/canvas.html#concept-canvas-will-read-frequently", source: https://deo.shopeemobile.com/shopee/shopee-pcmall-live-sg/assets/sfu-latest.1b17eeecc1c6cc92.2023.js (38)
[40734:40734:0421/142138.391233:INFO:CONSOLE:38] "Canvas2D: Multiple readback operations using getImageData are faster with the willReadFrequently attribute set to true. See: https://html.spec.whatwg.org/multipage/canvas.html#concept-canvas-will-read-frequently", source: https://deo.shopeemobile.com/shopee/shopee-pcmall-live-sg/assets/sfu-latest.1b17eeecc1c6cc92.2023.js (38)
[40734:40734:0421/142138.408697:INFO:CONSOLE:38] "Canvas2D: Multiple readback operations using getImageData are faster with the willReadFrequently attribute set to true. See: https://html.spec.whatwg.org/multipage/canvas.html#concept-canvas-will-read-frequently", source: https://deo.shopeemobile.com/shopee/shopee-pcmall-live-sg/assets/sfu-latest.1b17eeecc1c6cc92.2023.js (38)
[40734:40734:0421/142139.992950:INFO:CONSOLE:1] "TypeError: Cannot read properties of null (reading '9')", source: https://deo.shopeemobile.com/shopee/modules-federation/live/0/shopee__web_enhance_sap/2.40.194.js (1)
[40734:40734:0421/142140.013678:INFO:CONSOLE:1] "Error", source: https://deo.shopeemobile.com/shopee/modules-federation/live/0/shopee__web_enhance_sap/2.40.194.js (1)
[40734:40734:0421/142141.672206:INFO:CONSOLE:1] "TypeError: Cannot read properties of null (reading '9')", source: https://deo.shopeemobile.com/shopee/modules-federation/live/0/shopee__web_enhance_sap/2.40.194.js (1)
[40734:40734:0421/142141.692095:INFO:CONSOLE:1] "Error", source: https://deo.shopeemobile.com/shopee/modules-federation/live/0/shopee__web_enhance_sap/2.40.194.js (1)
[40734:40734:0421/142145.217206:WARNING:chrome/browser/media/prefs/capture_device_ranking.h:255] Can't initialize the value of media.audio_input.user_preference_ranking because media.default_audio_capture_device isn't registered or is empty
[40734:40734:0421/142145.217524:WARNING:chrome/browser/media/prefs/capture_device_ranking.h:255] Can't initialize the value of media.video_input.user_preference_ranking because media.default_video_capture_Device isn't registered or is empty
[40734:40734:0421/142145.677415:INFO:CONSOLE:0] "No available adapters.", source: https://shopee.com.br/buyer/login?next=https%3A%2F%2Faffiliate.shopee.com.br%2Foffer%2Fproduct_offer (0)
[40734:40734:0421/142147.905086:INFO:CONSOLE:1] "Loading the script 'https://deo.shopeemobile.com/shopee/shopee-pcmall-live-sg/assets/309.0264878571020164.worker.js' violates the following Content Security Policy directive: "script-src 'self' translate.googleapis.com translate.google.com www.google-analytics.com static.mcc.miui.com connect.facebook.net shopee.sg images.uc.cn g.alicdn.com blob:". Note that 'script-src-elem' was not explicitly set, so 'script-src' is used as a fallback. The policy is report-only, so the violation has been logged but no further action has been taken.", source: https://shopee.com.br/pcmall-assets/assets/0264878571020164.worker.js (1)
[40734:40734:0421/142147.909233:INFO:CONSOLE:1] "Loading the script 'https://deo.shopeemobile.com/shopee/shopee-pcmall-live-sg/assets/309.0264878571020164.worker.js' violates the following Content Security Policy directive: "script-src 'self' translate.googleapis.com translate.google.com www.google-analytics.com static.mcc.miui.com connect.facebook.net shopee.sg images.uc.cn g.alicdn.com blob:". Note that 'script-src-elem' was not explicitly set, so 'script-src' is used as a fallback. The policy is report-only, so the violation has been logged but no further action has been taken.", source: https://shopee.com.br/pcmall-assets/assets/0264878571020164.worker.js (1)
[40734:40734:0421/142149.436509:INFO:CONSOLE:1] "Loading the script 'https://deo.shopeemobile.com/shopee/shopee-pcmall-live-sg/assets/52f0ed949b770b35.2023.tr.js' violates the following Content Security Policy directive: "script-src 'self' translate.googleapis.com translate.google.com www.google-analytics.com static.mcc.miui.com connect.facebook.net shopee.sg images.uc.cn g.alicdn.com blob:". Note that 'script-src-elem' was not explicitly set, so 'script-src' is used as a fallback. The policy is report-only, so the violation has been logged but no further action has been taken.", source: https://shopee.com.br/pcmall-assets/assets/0264878571020164.worker.js (1)
[40734:40734:0421/142149.443680:INFO:CONSOLE:1] "Loading the script 'https://deo.shopeemobile.com/shopee/shopee-pcmall-live-sg/assets/52f0ed949b770b35.2023.tr.js' violates the following Content Security Policy directive: "script-src 'self' translate.googleapis.com translate.google.com www.google-analytics.com static.mcc.miui.com connect.facebook.net shopee.sg images.uc.cn g.alicdn.com blob:". Note that 'script-src-elem' was not explicitly set, so 'script-src' is used as a fallback. The policy is report-only, so the violation has been logged but no further action has been taken.", source: https://shopee.com.br/pcmall-assets/assets/0264878571020164.worker.js (1)
[40828:17:0421/142152.076058:WARNING:third_party/webrtc/media/engine/webrtc_voice_engine.cc:802] Attempting to stop aecdump when no audio processing module is present
[40734:40755:0421/142158.440075:ERROR:google_apis/gcm/engine/registration_request.cc:291] Registration response error message: PHONE_REGISTRATION_ERROR
[40734:40755:0421/142158.447889:ERROR:google_apis/gcm/engine/registration_request.cc:291] Registration response error message: PHONE_REGISTRATION_ERROR
[40734:40755:0421/142158.456118:ERROR:google_apis/gcm/engine/registration_request.cc:291] Registration response error message: PHONE_REGISTRATION_ERROR
[40734:40755:0421/142225.386761:ERROR:google_apis/gcm/engine/registration_request.cc:291] Registration response error message: QUOTA_EXCEEDED
[40734:40734:0421/142226.081233:INFO:CONSOLE:136] "Cross-Origin-Opener-Policy policy would block the window.closed call.", source: https://accounts.google.com/gsi/client (136)
[40734:40734:0421/142226.092254:INFO:CONSOLE:136] "Cross-Origin-Opener-Policy policy would block the window.closed call.", source: https://accounts.google.com/gsi/client (136)
[40734:40734:0421/142229.110205:INFO:CONSOLE:0] "[DOM] Password field is not contained in a form: (More info: https://goo.gl/9p2vKq) %o", source: https://accounts.google.com/v3/signin/identifier?opparams=%253Fenable_granular_consent%253Dtrue&dsh=S1058824902%3A1776792145283054&access_type=offline&client_id=549970890748-fnhi5k9t5ip43206j481k7d1ds8sm3d8.apps.googleusercontent.com&gsiwebsdk=3&include_granted_scopes=false&o2v=2&prompt=consent&redirect_uri=storagerelay%3A%2F%2Fhttps%2Fshopee.com.br%3Fid%3Dauth613865&response_type=code&scope=profile+email&service=lso&flowName=GeneralOAuthFlow&continue=https%3A%2F%2Faccounts.google.com%2Fsignin%2Foauth%2Fconsent%3Fauthuser%3Dunknown%26part%3DAJi8hAOC0B7pEcfbb1VhwllifRP87PJM6OBFZhHuZn771N5sR4TeBxzgP2YuzNdixCY4RRqgfwoxIN1sPAVvf9BD6ZiQJXilpCfkplXEbUxZlarvIhI0xy1h6UKILqKsi9S1KoJQGIwaQzE-5sF4qZ8aZ8d64dieymdok-X-HRgZJylbC-N8A454z0ceWIFlAne639PFD1Tz2vlPi4_ULh2ymDSTKAyQY0_z4Rz4DRv7M6VWC_jAaYobkEr41bG1LagVCTS0x4FW4zNjC7f7pu4XrAdnUSs7G269G1v_fdQQdYQ2OS52LkNLh7sc90-Dhc8hSm69zqbDC0Cmj5jIY9CPi7c0xhdJnencP4Pm7q2M5TuX48Hva4sY2js7jAQO5bGJM175WoSJJwt7KVfHU4KbiIVYI7X0kY4C0OUnZgDBGcON0_zxhsFYQaQQ_-yt8S0TI7eUXVfEJKwQ_deiX4UifooucFKkdg%26flowName%3DGeneralOAuthFlow%26as%3DS1058824902%253A1776792145283054%26client_id%3D549970890748-fnhi5k9t5ip43206j481k7d1ds8sm3d8.apps.googleusercontent.com%26requestPath%3D%252Fsignin%252Foauth%252Fconsent%23&app_domain=https%3A%2F%2Fshopee.com.br&rart=ANgoxcdc3vbLVowtYA_QuaiKo_H6FG5Z7li8EkEM8OQdKUkeW5ISd2uHiRwZO11tMObRaLWYkDli75I3uO5iOUJmnzmIA_Nl9z5Kdv7g_doXi50TMu25frk (0)
[40734:40734:0421/142229.308900:INFO:CONSOLE:469] "%c%s color: red; background: yellow; font-size: 24px; AVISO", source: https://www.gstatic.com/_/mss/boq-identity/_/js/k=boq-identity.AccountsSignInUi.pt_BR._9isWIv7Y4g.es5.O/am=Kf8GAABCEUgGwP___zcAIACCaOB6FoAmEBkAAAAAAAAAALBAAAAaAQ/d=1/excm=_b,_tp,identifierview/ed=1/dg=0/wt=2/ujg=1/rs=AOaEmlHNtAYy_fsMi1kETRwYdJTxT4UmBQ/dti=1/m=_b,_tp (469)
[40734:40734:0421/142229.311360:INFO:CONSOLE:469] "%c%s font-size: 18px; O uso deste console pode permitir que invasores falsifiquem sua identidade para roubar informações por meio de um ataque chamado Self-XSS.
Não insira nem cole códigos que você não conheça.", source: https://www.gstatic.com/_/mss/boq-identity/_/js/k=boq-identity.AccountsSignInUi.pt_BR._9isWIv7Y4g.es5.O/am=Kf8GAABCEUgGwP___zcAIACCaOB6FoAmEBkAAAAAAAAAALBAAAAaAQ/d=1/excm=_b,_tp,identifierview/ed=1/dg=0/wt=2/ujg=1/rs=AOaEmlHNtAYy_fsMi1kETRwYdJTxT4UmBQ/dti=1/m=_b,_tp (469)
[40734:40734:0421/142233.971113:WARNING:chrome/browser/media/prefs/capture_device_ranking.h:255] Can't initialize the value of media.audio_input.user_preference_ranking because media.default_audio_capture_device isn't registered or is empty
[40734:40734:0421/142233.971347:WARNING:chrome/browser/media/prefs/capture_device_ranking.h:255] Can't initialize the value of media.video_input.user_preference_ranking because media.default_video_capture_Device isn't registered or is empty
[40734:40734:0421/142234.767505:WARNING:chrome/browser/media/prefs/capture_device_ranking.h:255] Can't initialize the value of media.audio_input.user_preference_ranking because media.default_audio_capture_device isn't registered or is empty
[40734:40734:0421/142234.768491:WARNING:chrome/browser/media/prefs/capture_device_ranking.h:255] Can't initialize the value of media.video_input.user_preference_ranking because media.default_video_capture_Device isn't registered or is empty
